---------------------------------------
Begin Slurm Prolog: Mar-14-2026 21:51:11
Job ID:    4949953
User ID:   sbryngelson3
Account:   gts-sbryngelson3
Job name:  mfc-golden
Partition: cpu-small
QOS:       inferno
---------------------------------------
mfc: Starting...
mfc: Loading modules (& env variables) for GT Phoenix on CPUs:
mfc:  $ module load python/3.12.5 gcc/12.3.0 openmpi/4.1.5

Lmod is automatically replacing "mvapich2/2.3.7-1" with "openmpi/4.1.5".

mfc: OK > All modules and environment variables have been loaded.
mfc: Starting...
mfc: OK > (venv) Entered the Python 3.9.21 virtual environment (>= 3.9).

      .=++*:          -+*+=.        | sbryngelson3@atl1-1-02-002-28-2.pace.gatech.edu [Linux]
     :+   -*-        ==   =* .      | -------------------------------------------------------
   :*+      ==      ++    .+-       | 
  :*##-.....:*+   .#%+++=--+=:::.   | --jobs 8
  -=-++-======#=--**+++==+*++=::-:. | --mpi --no-gpu --no-debug --no-gcov --no-unified --no-single --no-mixed --no-fastmath
 .:++=----------====+*= ==..:%..... | --targets pre_process, simulation, and post_process
  .:-=++++===--==+=-+=   +.  :=     | 
  +#=::::::::=%=. -+:    =+   *:    | ------------------------------------------------------------------
 .*=-=*=..    :=+*+:      -...--    | $ ./mfc.sh (build, run, test, clean, new, validate, params) --help

 Build | syscheck, pre_process, simulation, and post_process

 Generating case.fpp.
   Writing a (new) custom case.fpp file.
   Building syscheck...
   (build took 7.6s)
   ✓ Built syscheck

   Installing syscheck...
   ✓ Installed syscheck

 Generating case.fpp.
   Writing a (new) custom case.fpp file.
   Configuring pre_process...
   ✓ Configured pre_process

 Generating case.fpp.
   Writing a (new) custom case.fpp file.
   Building pre_process...
   (build took 25.9s)
   ✓ Built pre_process

   Installing pre_process...
   ✓ Installed pre_process

   Configuring fftw...
   ✓ Configured fftw

   Building fftw...
   (build took 45.8s)
   ✓ Built fftw

   Installing fftw...
   ✓ Installed fftw

 Generating case.fpp.
   Writing a (new) custom case.fpp file.
   Configuring simulation...
   ✓ Configured simulation

 Generating case.fpp.
   Writing a (new) custom case.fpp file.
   Building simulation...
   (build took 68.9s)
   ✓ Built simulation

   Installing simulation...
   ✓ Installed simulation

   Configuring hdf5...
   ✓ Configured hdf5

   Building hdf5...
   ✓ Built hdf5

   Installing hdf5...
   ✓ Installed hdf5

   Configuring silo...
   ✓ Configured silo

   Building silo...
   (build took 45.5s)
   ✓ Built silo

   Installing silo...
   ✓ Installed silo

   Configuring lapack...
   ✓ Configured lapack

   Building lapack...
   (build took 95.1s)
   ✓ Built lapack

   Installing lapack...
   ✓ Installed lapack

 Generating case.fpp.
   Writing a (new) custom case.fpp file.
   Configuring post_process...
   ✓ Configured post_process

 Generating case.fpp.
   Writing a (new) custom case.fpp file.
   Building post_process...
   (build took 19.9s)
   ✓ Built post_process

   Installing post_process...
   ✓ Installed post_process


mfc: (venv) Exiting the Python virtual environment.
mfc: Starting...
mfc: OK > (venv) Entered the Python 3.9.21 virtual environment (>= 3.9).

      .=++*:          -+*+=.        | sbryngelson3@atl1-1-02-002-28-2.pace.gatech.edu [Linux]
     :+   -*-        ==   =* .      | -------------------------------------------------------
   :*+      ==      ++    .+-       | 
  :*##-.....:*+   .#%+++=--+=:::.   | --jobs 4
  -=-++-======#=--**+++==+*++=::-:. | --mpi --no-gpu --no-debug --no-gcov --no-unified --no-single --no-mixed --no-fastmath
 .:++=----------====+*= ==..:%..... | 
  .:-=++++===--==+=-+=   +.  :=     | 
  +#=::::::::=%=. -+:    =+   *:    | ------------------------------------------------------------------
 .*=-=*=..    :=+*+:      -...--    | $ ./mfc.sh (build, run, test, clean, new, validate, params) --help

 Build | syscheck and pre_process

 Generating case.fpp.
   Writing a (new) custom case.fpp file.
   Building syscheck...
   ✓ Built syscheck

   Installing syscheck...
   ✓ Installed syscheck

 Generating case.fpp.
   Writing a (new) custom case.fpp file.
   Building pre_process...
   ✓ Built pre_process

   Installing pre_process...
   ✓ Installed pre_process

 Build | syscheck and simulation

 Generating case.fpp.
   Writing a (new) custom case.fpp file.
   Building syscheck...
   ✓ Built syscheck

   Installing syscheck...
   ✓ Installed syscheck

 Generating case.fpp.
   Writing a (new) custom case.fpp file.
   Building simulation...
   ✓ Built simulation

   Installing simulation...
   ✓ Installed simulation


 Test pre_process and simulation | Only Non-Newtonian (6 tests)
  
     Progress      Test Name                                        Time(s)   UUID
  
     (  1/  6)    2D -> 1 Fluid(s) -> Non-Newtonian -> Bingham         11.10    8B093EC0
     (  2/  6)    1D -> 1 Fluid(s) -> Non-Newtonian -> shear-thin...   11.30    45DA4729
     (  3/  6)    1D -> 1 Fluid(s) -> Non-Newtonian -> Bingham         12.49    1E64A4D9
     (  4/  6)    2D -> 1 Fluid(s) -> Non-Newtonian -> shear-thin...   14.23    0CD345C7
     (  5/  6)    3D -> 1 Fluid(s) -> Non-Newtonian -> Bingham         38.47    A46BB5B4
     (  6/  6)    3D -> 1 Fluid(s) -> Non-Newtonian -> shear-thin...   69.25    30713C1C

  

╭──────────────────────────────── Test Summary ────────────────────────────────╮
│                                                                              │
│  ✓ ALL TESTS PASSED                                                          │
│                                                                              │
│       6 passed                                                               │
│       0 failed                                                               │
│     562 skipped                                                              │
│    ────────────                                                              │
│     568 total                                                                │
│                                                                              │
│    Time: 1m 23.3s                                                            │
│                                                                              │
╰──────────────────────────────────────────────────────────────────────────────╯


mfc: (venv) Exiting the Python virtual environment.
DONE: exit code 0
---------------------------------------
Begin Slurm Epilog: Mar-14-2026 21:58:40
Job ID:        4949953
User ID:       sbryngelson3
Account:       gts-sbryngelson3
Job name:      mfc-golden
Resources:     cpu=8,mem=32G,node=1
Rsrc Used:     cput=01:00:00,vmem=0,walltime=00:07:30,mem=1565660K,energy_used=0
Partition:     cpu-small
QOS:           inferno
Nodes:         atl1-1-02-002-28-2
---------------------------------------
